1614970854212	geckodriver	INFO	Listening on 127.0.0.1:2165
1614970857231	mozrunner::runner	INFO	Running command: "C:\\Program Files\\Mozilla Firefox\\firefox.exe" "--marionette" "-foreground" "-no-remote" "-profile" "C:\\Users\\alexm\\AppData\\Local\\Temp\\rust_mozprofile0PRM62"
console.warn: SearchSettings: "get: No settings file exists, new profile?" (new Error("", "(unknown module)"))
1614970861123	Marionette	INFO	Listening on port 2174
1614970861445	Marionette	WARN	TLS certificate errors will be ignored for this session
1614970927813	Marionette	INFO	Stopped listening on port 2174

###!!! [Child][RunMessage] Error: Channel closing: too late to send/recv, messages will be lost

1614971579132	geckodriver	INFO	Listening on 127.0.0.1:3179
1614971622552	geckodriver	INFO	Listening on 127.0.0.1:3214
1614971625626	mozrunner::runner	INFO	Running command: "C:\\Program Files\\Mozilla Firefox\\firefox.exe" "--marionette" "-foreground" "-no-remote" "-profile" "C:\\Users\\alexm\\AppData\\Local\\Temp\\rust_mozprofilepx7SMw"
console.warn: SearchSettings: "get: No settings file exists, new profile?" (new Error("", "(unknown module)"))
JavaScript error: resource://activity-stream/lib/ASRouter.jsm, line 988: NS_ERROR_ILLEGAL_VALUE: Component returned failure code: 0x80070057 (NS_ERROR_ILLEGAL_VALUE) [nsIObserverService.removeObserver]
JavaScript error: resource://gre/modules/PushServiceWebSocket.jsm, line 622: TypeError: this._mainPushService is null
1614971628890	Marionette	FATAL	Remote protocol server failed to start: [Exception... "Component returned failure code: 0xc1f30001 (NS_ERROR_NOT_INITIALIZED) [nsIServerSocket.asyncListen]"  nsresult: "0xc1f30001 (NS_ERROR_NOT_INITIALIZED)"  location: "JS frame :: chrome://marionette/content/server.js :: set acceptConnections :: line 91"  data: no] Stack trace: set acceptConnections()@server.js:91
start()@server.js:116
init/<()@jar:file:///C:/Program%20Files/Mozilla%20Firefox/omni.ja!/components/marionette.js:518
observe()@resource://gre/modules/AsyncShutdown.jsm:573
[Parent 15228, IPC I/O Parent] WARNING: file /builds/worker/checkouts/gecko/ipc/chromium/src/base/process_util_win.cc:167
JavaScript error: , line 0: AbortError: A request was aborted, for example through a call to IDBTransaction.abort.

###!!! [Child][RunMessage] Error: Channel closing: too late to send/recv, messages will be lost

1614971874001	geckodriver	INFO	Listening on 127.0.0.1:3378
1614971877045	mozrunner::runner	INFO	Running command: "C:\\Program Files\\Mozilla Firefox\\firefox.exe" "--marionette" "-foreground" "-no-remote" "-profile" "C:\\Users\\alexm\\AppData\\Local\\Temp\\rust_mozprofileKHXcSQ"
console.warn: SearchSettings: "get: No settings file exists, new profile?" (new Error("", "(unknown module)"))
1614971879800	Marionette	INFO	Listening on port 3387
1614971880224	Marionette	WARN	TLS certificate errors will be ignored for this session
1614971946916	Marionette	INFO	Stopped listening on port 3387

###!!! [Child][RunMessage] Error: Channel closing: too late to send/recv, messages will be lost

1614972070211	geckodriver	INFO	Listening on 127.0.0.1:3628
1614972073251	mozrunner::runner	INFO	Running command: "C:\\Program Files\\Mozilla Firefox\\firefox.exe" "--marionette" "-foreground" "-no-remote" "-profile" "C:\\Users\\alexm\\AppData\\Local\\Temp\\rust_mozprofileitPd70"
console.warn: SearchSettings: "get: No settings file exists, new profile?" (new Error("", "(unknown module)"))
1614972076091	Marionette	INFO	Listening on port 3637
1614972076442	Marionette	WARN	TLS certificate errors will be ignored for this session
1614972144821	Marionette	INFO	Stopped listening on port 3637

###!!! [Child][RunMessage] Error: Channel closing: too late to send/recv, messages will be lost

1615391423858	geckodriver	INFO	Listening on 127.0.0.1:2970
1615391426912	mozrunner::runner	INFO	Running command: "C:\\Program Files\\Mozilla Firefox\\firefox.exe" "--marionette" "-foreground" "-no-remote" "-profile" "C:\\Users\\alexm\\AppData\\Local\\Temp\\rust_mozprofiletJLjlm"
console.warn: SearchSettings: "get: No settings file exists, new profile?" (new Error("", "(unknown module)"))
1615391430131	Marionette	INFO	Listening on port 2979
1615391430647	Marionette	WARN	TLS certificate errors will be ignored for this session
console.log: WebExtensions: reset-default-search: No addons in our list are installed.
JavaScript error: , line 0: NS_ERROR_NOT_AVAILABLE
1615392322948	Marionette	INFO	Stopped listening on port 2979

###!!! [Child][RunMessage] Error: Channel closing: too late to send/recv, messages will be lost

1615392381991	geckodriver	INFO	Listening on 127.0.0.1:3697
1615392385049	mozrunner::runner	INFO	Running command: "C:\\Program Files\\Mozilla Firefox\\firefox.exe" "--marionette" "-foreground" "-no-remote" "-profile" "C:\\Users\\alexm\\AppData\\Local\\Temp\\rust_mozprofiledocVQS"
console.warn: SearchSettings: "get: No settings file exists, new profile?" (new Error("", "(unknown module)"))
1615392388184	Marionette	INFO	Listening on port 3706
1615392388259	Marionette	WARN	TLS certificate errors will be ignored for this session
1615392769746	Marionette	INFO	Stopped listening on port 3706

###!!! [Child][RunMessage] Error: Channel closing: too late to send/recv, messages will be lost

1615392782482	geckodriver	INFO	Listening on 127.0.0.1:4026
1615392785520	mozrunner::runner	INFO	Running command: "C:\\Program Files\\Mozilla Firefox\\firefox.exe" "--marionette" "-foreground" "-no-remote" "-profile" "C:\\Users\\alexm\\AppData\\Local\\Temp\\rust_mozprofilesyNtf1"
console.warn: SearchSettings: "get: No settings file exists, new profile?" (new Error("", "(unknown module)"))
1615392788808	Marionette	INFO	Listening on port 4035
1615392789220	Marionette	WARN	TLS certificate errors will be ignored for this session
1615392818577	Marionette	INFO	Stopped listening on port 4035

###!!! [Child][RunMessage] Error: Channel closing: too late to send/recv, messages will be lost

1615392836317	geckodriver	INFO	Listening on 127.0.0.1:4142
1615392839359	mozrunner::runner	INFO	Running command: "C:\\Program Files\\Mozilla Firefox\\firefox.exe" "--marionette" "-foreground" "-no-remote" "-profile" "C:\\Users\\alexm\\AppData\\Local\\Temp\\rust_mozprofileaTqXkA"
console.warn: SearchSettings: "get: No settings file exists, new profile?" (new Error("", "(unknown module)"))
1615392842215	Marionette	INFO	Listening on port 4151
1615392842537	Marionette	WARN	TLS certificate errors will be ignored for this session
SourceActor threw an exception: [Exception... "Failed to open input source 'javascript:void(0);'"  nsresult: "0x80040111 (NS_ERROR_NOT_AVAILABLE)"  location: "JS frame :: resource://devtools/shared/DevToolsUtils.js :: mainThreadFetch/< :: line 670"  data: yes]
Stack: mainThreadFetch/<@resource://devtools/shared/DevToolsUtils.js:670:15
mainThreadFetch@resource://devtools/shared/DevToolsUtils.js:516:10
_fetchURLContents@resource://devtools/server/actors/utils/sources-manager.js:439:22
urlContents@resource://devtools/server/actors/utils/sources-manager.js:406:17
_resurrectSource@resource://devtools/server/actors/thread.js:2106:35
addAllSources@resource://devtools/server/actors/thread.js:1464:14
watch@resource://devtools/server/actors/resources/sources.js:52:17
watchResources@resource://devtools/server/actors/resources/index.js:204:19
_watchTargetResources@resource://devtools/server/actors/targets/target-actor-mixin.js:68:24
addWatcherDataEntry@resource://devtools/server/actors/targets/target-actor-mixin.js:29:20
_addWatcherDataEntry@resource://devtools/server/connectors/js-window-actor/DevToolsFrameChild.jsm:411:24
receiveMessage@resource://devtools/server/connectors/js-window-actor/DevToolsFrameChild.jsm:353:21
Line: 670, column: 0
console.error: ({})
JavaScript error: resource://devtools/shared/DevToolsUtils.js, line 670: NS_ERROR_NOT_AVAILABLE: Failed to open input source 'javascript:void(0);'
JavaScript error: resource://gre/actors/AutoCompleteChild.jsm, line 125: Error: Invalid autocomplete selectedIndex
JavaScript error: resource://gre/actors/AutoCompleteChild.jsm, line 125: Error: Invalid autocomplete selectedIndex
JavaScript error: resource://gre/actors/AutoCompleteChild.jsm, line 125: Error: Invalid autocomplete selectedIndex
JavaScript error: resource://gre/actors/AutoCompleteChild.jsm, line 125: Error: Invalid autocomplete selectedIndex
JavaScript error: resource://gre/actors/AutoCompleteChild.jsm, line 125: Error: Invalid autocomplete selectedIndex
JavaScript error: resource://gre/actors/AutoCompleteChild.jsm, line 125: Error: Invalid autocomplete selectedIndex
JavaScript error: resource://gre/actors/AutoCompleteChild.jsm, line 125: Error: Invalid autocomplete selectedIndex
JavaScript error: resource://gre/actors/AutoCompleteChild.jsm, line 125: Error: Invalid autocomplete selectedIndex
JavaScript error: resource://gre/actors/AutoCompleteChild.jsm, line 125: Error: Invalid autocomplete selectedIndex
1615392945874	Marionette	INFO	Stopped listening on port 4151

###!!! [Child][RunMessage] Error: Channel closing: too late to send/recv, messages will be lost

1615393050317	geckodriver	INFO	Listening on 127.0.0.1:4389
1615393053356	mozrunner::runner	INFO	Running command: "C:\\Program Files\\Mozilla Firefox\\firefox.exe" "--marionette" "-foreground" "-no-remote" "-profile" "C:\\Users\\alexm\\AppData\\Local\\Temp\\rust_mozprofile7IUc2T"
console.warn: SearchSettings: "get: No settings file exists, new profile?" (new Error("", "(unknown module)"))
1615393056192	Marionette	INFO	Listening on port 4398
1615393056526	Marionette	WARN	TLS certificate errors will be ignored for this session
1615393157062	Marionette	INFO	Stopped listening on port 4398

###!!! [Child][RunMessage] Error: Channel closing: too late to send/recv, messages will be lost

1615493312335	geckodriver	INFO	Listening on 127.0.0.1:11650
1615493315367	mozrunner::runner	INFO	Running command: "C:\\Program Files\\Mozilla Firefox\\firefox.exe" "--marionette" "-foreground" "-no-remote" "-profile" "C:\\Users\\alexm\\AppData\\Local\\Temp\\rust_mozprofilew3M2w8"
console.warn: SearchSettings: "get: No settings file exists, new profile?" (new Error("", "(unknown module)"))
1615493318712	Marionette	INFO	Listening on port 11659
1615493319044	Marionette	WARN	TLS certificate errors will be ignored for this session
console.log: WebExtensions: reset-default-search: No addons in our list are installed.
JavaScript error: , line 0: NS_ERROR_NOT_AVAILABLE
1615497517256	Marionette	INFO	Stopped listening on port 11659

###!!! [Child][RunMessage] Error: Channel closing: too late to send/recv, messages will be lost

tings: "get: No settings file exists, new profile?" (new Error("", "(unknown module)"))
1615493673014	Marionette	INFO	Listening on port 12005
1615493673145	Marionette	WARN	TLS certificate errors will be ignored for this session
1615493859365	Marionette	INFO	Stopped listening on port 12005

###!!! [Child][RunMessage] Error: Channel closing: too late to send/recv, messages will be lost

1615926868500	geckodriver	INFO	Listening on 127.0.0.1:6300
1615926871526	mozrunner::runner	INFO	Running command: "C:\\Program Files\\Mozilla Firefox\\firefox.exe" "--marionette" "-foreground" "-no-remote" "-profile" "C:\\Users\\alexm\\AppData\\Local\\Temp\\rust_mozprofileKEw9mm"
console.warn: SearchSettings: "get: No settings file exists, new profile?" (new Error("", "(unknown module)"))
1615926874418	Marionette	INFO	Listening on port 6310
1615926874727	Marionette	WARN	TLS certificate errors will be ignored for this session
1615927060344	Marionette	INFO	Stopped listening on port 6310

###!!! [Child][RunMessage] Error: Channel closing: too late to send/recv, messages will be lost

1616446261641	geckodriver	INFO	Listening on 127.0.0.1:5392
1616446264691	mozrunner::runner	INFO	Running command: "C:\\Program Files\\Mozilla Firefox\\firefox.exe" "--marionette" "-foreground" "-no-remote" "-profile" "C:\\Users\\alexm\\AppData\\Local\\Temp\\rust_mozprofileN3DCi6"
console.warn: SearchSettings: "get: No settings file exists, new profile?" (new Error("", "(unknown module)"))
1616446268506	Marionette	INFO	Listening on port 5401
1616446268925	Marionette	WARN	TLS certificate errors will be ignored for this session
1616446458723	Marionette	INFO	Stopped listening on port 5401

###!!! [Child][RunMessage] Error: Channel closing: too late to send/recv, messages will be lost

1617038597056	geckodriver	INFO	Listening on 127.0.0.1:53443
1617038600112	mozrunner::runner	INFO	Running command: "C:\\Program Files\\Mozilla Firefox\\firefox.exe" "--marionette" "-foreground" "-no-remote" "-profile" "C:\\Users\\alexm\\AppData\\Local\\Temp\\rust_mozprofile7VVaqc"
console.warn: SearchSettings: "get: No settings file exists, new profile?" (new Error("", "(unknown module)"))
1617038603174	Marionette	INFO	Listening on port 53451
1617038603301	Marionette	WARN	TLS certificate errors will be ignored for this session
1617038789619	Marionette	INFO	Stopped listening on port 53451

###!!! [Child][RunMessage] Error: Channel closing: too late to send/recv, messages will be lost

